PDOException: SQLSTATE[23000]: Integrity constraint violation: 1048 Column 'img' cannot be null in C:\laragon\www\b45\vendor\doctrine\dbal\src\Driver\PDO\Statement.php:55
Stack trace:
#0 C:\laragon\www\b45\vendor\doctrine\dbal\src\Driver\PDO\Statement.php(55): PDOStatement->execute()
#1 C:\laragon\www\b45\vendor\doctrine\dbal\src\Connection.php(882): Doctrine\DBAL\Driver\PDO\Statement->execute()
#2 C:\laragon\www\b45\vendor\doctrine\dbal\src\Connection.php(518): Doctrine\DBAL\Connection->executeStatement('INSERT INTO ban...', Array, Array)
#3 C:\laragon\www\b45\app\Model.php(73): Doctrine\DBAL\Connection->insert('banners', Array)
#4 C:\laragon\www\b45\app\Controllers\Admin\BannerController.php(61): App\Model->insert(Array)
#5 [internal function]: App\Controllers\Admin\BannerController->store()
#6 C:\laragon\www\b45\vendor\bramus\router\src\Bramus\Router\Router.php(482): call_user_func_array(Array, Array)
#7 C:\laragon\www\b45\vendor\bramus\router\src\Bramus\Router\Router.php(440): Bramus\Router\Router->invoke('App\\Controllers...', Array)
#8 C:\laragon\www\b45\vendor\bramus\router\src\Bramus\Router\Router.php(287): Bramus\Router\Router->handle(Array, true)
#9 C:\laragon\www\b45\routers\index.php(12): Bramus\Router\Router->run()
#10 C:\laragon\www\b45\index.php(5): require('C:\\laragon\\www\\...')
#11 {main}

Next Doctrine\DBAL\Driver\PDO\Exception: SQLSTATE[23000]: Integrity constraint violation: 1048 Column 'img' cannot be null in C:\laragon\www\b45\vendor\doctrine\dbal\src\Driver\PDO\Exception.php:24
Stack trace:
#0 C:\laragon\www\b45\vendor\doctrine\dbal\src\Driver\PDO\Statement.php(57): Doctrine\DBAL\Driver\PDO\Exception::new(Object(PDOException))
#1 C:\laragon\www\b45\vendor\doctrine\dbal\src\Connection.php(882): Doctrine\DBAL\Driver\PDO\Statement->execute()
#2 C:\laragon\www\b45\vendor\doctrine\dbal\src\Connection.php(518): Doctrine\DBAL\Connection->executeStatement('INSERT INTO ban...', Array, Array)
#3 C:\laragon\www\b45\app\Model.php(73): Doctrine\DBAL\Connection->insert('banners', Array)
#4 C:\laragon\www\b45\app\Controllers\Admin\BannerController.php(61): App\Model->insert(Array)
#5 [internal function]: App\Controllers\Admin\BannerController->store()
#6 C:\laragon\www\b45\vendor\bramus\router\src\Bramus\Router\Router.php(482): call_user_func_array(Array, Array)
#7 C:\laragon\www\b45\vendor\bramus\router\src\Bramus\Router\Router.php(440): Bramus\Router\Router->invoke('App\\Controllers...', Array)
#8 C:\laragon\www\b45\vendor\bramus\router\src\Bramus\Router\Router.php(287): Bramus\Router\Router->handle(Array, true)
#9 C:\laragon\www\b45\routers\index.php(12): Bramus\Router\Router->run()
#10 C:\laragon\www\b45\index.php(5): require('C:\\laragon\\www\\...')
#11 {main}

Next Doctrine\DBAL\Exception\NotNullConstraintViolationException: An exception occurred while executing a query: SQLSTATE[23000]: Integrity constraint violation: 1048 Column 'img' cannot be null in C:\laragon\www\b45\vendor\doctrine\dbal\src\Driver\API\MySQL\ExceptionConverter.php:90
Stack trace:
#0 C:\laragon\www\b45\vendor\doctrine\dbal\src\Connection.php(1414): Doctrine\DBAL\Driver\API\MySQL\ExceptionConverter->convert(Object(Doctrine\DBAL\Driver\PDO\Exception), Object(Doctrine\DBAL\Query))
#1 C:\laragon\www\b45\vendor\doctrine\dbal\src\Connection.php(1356): Doctrine\DBAL\Connection->handleDriverException(Object(Doctrine\DBAL\Driver\PDO\Exception), Object(Doctrine\DBAL\Query))
#2 C:\laragon\www\b45\vendor\doctrine\dbal\src\Connection.php(888): Doctrine\DBAL\Connection->convertExceptionDuringQuery(Object(Doctrine\DBAL\Driver\PDO\Exception), 'INSERT INTO ban...', Array, Array)
#3 C:\laragon\www\b45\vendor\doctrine\dbal\src\Connection.php(518): Doctrine\DBAL\Connection->executeStatement('INSERT INTO ban...', Array, Array)
#4 C:\laragon\www\b45\app\Model.php(73): Doctrine\DBAL\Connection->insert('banners', Array)
#5 C:\laragon\www\b45\app\Controllers\Admin\BannerController.php(61): App\Model->insert(Array)
#6 [internal function]: App\Controllers\Admin\BannerController->store()
#7 C:\laragon\www\b45\vendor\bramus\router\src\Bramus\Router\Router.php(482): call_user_func_array(Array, Array)
#8 C:\laragon\www\b45\vendor\bramus\router\src\Bramus\Router\Router.php(440): Bramus\Router\Router->invoke('App\\Controllers...', Array)
#9 C:\laragon\www\b45\vendor\bramus\router\src\Bramus\Router\Router.php(287): Bramus\Router\Router->handle(Array, true)
#10 C:\laragon\www\b45\routers\index.php(12): Bramus\Router\Router->run()
#11 C:\laragon\www\b45\index.php(5): require('C:\\laragon\\www\\...')
#12 {main}PDOException: SQLSTATE[23000]: Integrity constraint violation: 1048 Column 'img' cannot be null in C:\laragon\www\b45\vendor\doctrine\dbal\src\Driver\PDO\Statement.php:55
Stack trace:
#0 C:\laragon\www\b45\vendor\doctrine\dbal\src\Driver\PDO\Statement.php(55): PDOStatement->execute()
#1 C:\laragon\www\b45\vendor\doctrine\dbal\src\Connection.php(882): Doctrine\DBAL\Driver\PDO\Statement->execute()
#2 C:\laragon\www\b45\vendor\doctrine\dbal\src\Connection.php(518): Doctrine\DBAL\Connection->executeStatement('INSERT INTO ban...', Array, Array)
#3 C:\laragon\www\b45\app\Model.php(73): Doctrine\DBAL\Connection->insert('banners', Array)
#4 C:\laragon\www\b45\app\Controllers\Admin\BannerController.php(61): App\Model->insert(Array)
#5 [internal function]: App\Controllers\Admin\BannerController->store()
#6 C:\laragon\www\b45\vendor\bramus\router\src\Bramus\Router\Router.php(482): call_user_func_array(Array, Array)
#7 C:\laragon\www\b45\vendor\bramus\router\src\Bramus\Router\Router.php(440): Bramus\Router\Router->invoke('App\\Controllers...', Array)
#8 C:\laragon\www\b45\vendor\bramus\router\src\Bramus\Router\Router.php(287): Bramus\Router\Router->handle(Array, true)
#9 C:\laragon\www\b45\routers\index.php(12): Bramus\Router\Router->run()
#10 C:\laragon\www\b45\index.php(5): require('C:\\laragon\\www\\...')
#11 {main}

Next Doctrine\DBAL\Driver\PDO\Exception: SQLSTATE[23000]: Integrity constraint violation: 1048 Column 'img' cannot be null in C:\laragon\www\b45\vendor\doctrine\dbal\src\Driver\PDO\Exception.php:24
Stack trace:
#0 C:\laragon\www\b45\vendor\doctrine\dbal\src\Driver\PDO\Statement.php(57): Doctrine\DBAL\Driver\PDO\Exception::new(Object(PDOException))
#1 C:\laragon\www\b45\vendor\doctrine\dbal\src\Connection.php(882): Doctrine\DBAL\Driver\PDO\Statement->execute()
#2 C:\laragon\www\b45\vendor\doctrine\dbal\src\Connection.php(518): Doctrine\DBAL\Connection->executeStatement('INSERT INTO ban...', Array, Array)
#3 C:\laragon\www\b45\app\Model.php(73): Doctrine\DBAL\Connection->insert('banners', Array)
#4 C:\laragon\www\b45\app\Controllers\Admin\BannerController.php(61): App\Model->insert(Array)
#5 [internal function]: App\Controllers\Admin\BannerController->store()
#6 C:\laragon\www\b45\vendor\bramus\router\src\Bramus\Router\Router.php(482): call_user_func_array(Array, Array)
#7 C:\laragon\www\b45\vendor\bramus\router\src\Bramus\Router\Router.php(440): Bramus\Router\Router->invoke('App\\Controllers...', Array)
#8 C:\laragon\www\b45\vendor\bramus\router\src\Bramus\Router\Router.php(287): Bramus\Router\Router->handle(Array, true)
#9 C:\laragon\www\b45\routers\index.php(12): Bramus\Router\Router->run()
#10 C:\laragon\www\b45\index.php(5): require('C:\\laragon\\www\\...')
#11 {main}

Next Doctrine\DBAL\Exception\NotNullConstraintViolationException: An exception occurred while executing a query: SQLSTATE[23000]: Integrity constraint violation: 1048 Column 'img' cannot be null in C:\laragon\www\b45\vendor\doctrine\dbal\src\Driver\API\MySQL\ExceptionConverter.php:90
Stack trace:
#0 C:\laragon\www\b45\vendor\doctrine\dbal\src\Connection.php(1414): Doctrine\DBAL\Driver\API\MySQL\ExceptionConverter->convert(Object(Doctrine\DBAL\Driver\PDO\Exception), Object(Doctrine\DBAL\Query))
#1 C:\laragon\www\b45\vendor\doctrine\dbal\src\Connection.php(1356): Doctrine\DBAL\Connection->handleDriverException(Object(Doctrine\DBAL\Driver\PDO\Exception), Object(Doctrine\DBAL\Query))
#2 C:\laragon\www\b45\vendor\doctrine\dbal\src\Connection.php(888): Doctrine\DBAL\Connection->convertExceptionDuringQuery(Object(Doctrine\DBAL\Driver\PDO\Exception), 'INSERT INTO ban...', Array, Array)
#3 C:\laragon\www\b45\vendor\doctrine\dbal\src\Connection.php(518): Doctrine\DBAL\Connection->executeStatement('INSERT INTO ban...', Array, Array)
#4 C:\laragon\www\b45\app\Model.php(73): Doctrine\DBAL\Connection->insert('banners', Array)
#5 C:\laragon\www\b45\app\Controllers\Admin\BannerController.php(61): App\Model->insert(Array)
#6 [internal function]: App\Controllers\Admin\BannerController->store()
#7 C:\laragon\www\b45\vendor\bramus\router\src\Bramus\Router\Router.php(482): call_user_func_array(Array, Array)
#8 C:\laragon\www\b45\vendor\bramus\router\src\Bramus\Router\Router.php(440): Bramus\Router\Router->invoke('App\\Controllers...', Array)
#9 C:\laragon\www\b45\vendor\bramus\router\src\Bramus\Router\Router.php(287): Bramus\Router\Router->handle(Array, true)
#10 C:\laragon\www\b45\routers\index.php(12): Bramus\Router\Router->run()
#11 C:\laragon\www\b45\index.php(5): require('C:\\laragon\\www\\...')
#12 {main}PDOException: SQLSTATE[23000]: Integrity constraint violation: 1048 Column 'img' cannot be null in C:\laragon\www\b45\vendor\doctrine\dbal\src\Driver\PDO\Statement.php:55
Stack trace:
#0 C:\laragon\www\b45\vendor\doctrine\dbal\src\Driver\PDO\Statement.php(55): PDOStatement->execute()
#1 C:\laragon\www\b45\vendor\doctrine\dbal\src\Connection.php(882): Doctrine\DBAL\Driver\PDO\Statement->execute()
#2 C:\laragon\www\b45\vendor\doctrine\dbal\src\Connection.php(518): Doctrine\DBAL\Connection->executeStatement('INSERT INTO ban...', Array, Array)
#3 C:\laragon\www\b45\app\Model.php(73): Doctrine\DBAL\Connection->insert('banners', Array)
#4 C:\laragon\www\b45\app\Controllers\Admin\BannerController.php(61): App\Model->insert(Array)
#5 [internal function]: App\Controllers\Admin\BannerController->store()
#6 C:\laragon\www\b45\vendor\bramus\router\src\Bramus\Router\Router.php(482): call_user_func_array(Array, Array)
#7 C:\laragon\www\b45\vendor\bramus\router\src\Bramus\Router\Router.php(440): Bramus\Router\Router->invoke('App\\Controllers...', Array)
#8 C:\laragon\www\b45\vendor\bramus\router\src\Bramus\Router\Router.php(287): Bramus\Router\Router->handle(Array, true)
#9 C:\laragon\www\b45\routers\index.php(12): Bramus\Router\Router->run()
#10 C:\laragon\www\b45\index.php(5): require('C:\\laragon\\www\\...')
#11 {main}

Next Doctrine\DBAL\Driver\PDO\Exception: SQLSTATE[23000]: Integrity constraint violation: 1048 Column 'img' cannot be null in C:\laragon\www\b45\vendor\doctrine\dbal\src\Driver\PDO\Exception.php:24
Stack trace:
#0 C:\laragon\www\b45\vendor\doctrine\dbal\src\Driver\PDO\Statement.php(57): Doctrine\DBAL\Driver\PDO\Exception::new(Object(PDOException))
#1 C:\laragon\www\b45\vendor\doctrine\dbal\src\Connection.php(882): Doctrine\DBAL\Driver\PDO\Statement->execute()
#2 C:\laragon\www\b45\vendor\doctrine\dbal\src\Connection.php(518): Doctrine\DBAL\Connection->executeStatement('INSERT INTO ban...', Array, Array)
#3 C:\laragon\www\b45\app\Model.php(73): Doctrine\DBAL\Connection->insert('banners', Array)
#4 C:\laragon\www\b45\app\Controllers\Admin\BannerController.php(61): App\Model->insert(Array)
#5 [internal function]: App\Controllers\Admin\BannerController->store()
#6 C:\laragon\www\b45\vendor\bramus\router\src\Bramus\Router\Router.php(482): call_user_func_array(Array, Array)
#7 C:\laragon\www\b45\vendor\bramus\router\src\Bramus\Router\Router.php(440): Bramus\Router\Router->invoke('App\\Controllers...', Array)
#8 C:\laragon\www\b45\vendor\bramus\router\src\Bramus\Router\Router.php(287): Bramus\Router\Router->handle(Array, true)
#9 C:\laragon\www\b45\routers\index.php(12): Bramus\Router\Router->run()
#10 C:\laragon\www\b45\index.php(5): require('C:\\laragon\\www\\...')
#11 {main}

Next Doctrine\DBAL\Exception\NotNullConstraintViolationException: An exception occurred while executing a query: SQLSTATE[23000]: Integrity constraint violation: 1048 Column 'img' cannot be null in C:\laragon\www\b45\vendor\doctrine\dbal\src\Driver\API\MySQL\ExceptionConverter.php:90
Stack trace:
#0 C:\laragon\www\b45\vendor\doctrine\dbal\src\Connection.php(1414): Doctrine\DBAL\Driver\API\MySQL\ExceptionConverter->convert(Object(Doctrine\DBAL\Driver\PDO\Exception), Object(Doctrine\DBAL\Query))
#1 C:\laragon\www\b45\vendor\doctrine\dbal\src\Connection.php(1356): Doctrine\DBAL\Connection->handleDriverException(Object(Doctrine\DBAL\Driver\PDO\Exception), Object(Doctrine\DBAL\Query))
#2 C:\laragon\www\b45\vendor\doctrine\dbal\src\Connection.php(888): Doctrine\DBAL\Connection->convertExceptionDuringQuery(Object(Doctrine\DBAL\Driver\PDO\Exception), 'INSERT INTO ban...', Array, Array)
#3 C:\laragon\www\b45\vendor\doctrine\dbal\src\Connection.php(518): Doctrine\DBAL\Connection->executeStatement('INSERT INTO ban...', Array, Array)
#4 C:\laragon\www\b45\app\Model.php(73): Doctrine\DBAL\Connection->insert('banners', Array)
#5 C:\laragon\www\b45\app\Controllers\Admin\BannerController.php(61): App\Model->insert(Array)
#6 [internal function]: App\Controllers\Admin\BannerController->store()
#7 C:\laragon\www\b45\vendor\bramus\router\src\Bramus\Router\Router.php(482): call_user_func_array(Array, Array)
#8 C:\laragon\www\b45\vendor\bramus\router\src\Bramus\Router\Router.php(440): Bramus\Router\Router->invoke('App\\Controllers...', Array)
#9 C:\laragon\www\b45\vendor\bramus\router\src\Bramus\Router\Router.php(287): Bramus\Router\Router->handle(Array, true)
#10 C:\laragon\www\b45\routers\index.php(12): Bramus\Router\Router->run()
#11 C:\laragon\www\b45\index.php(5): require('C:\\laragon\\www\\...')
#12 {main}Rakit\Validation\RuleNotFoundException: Validator 'optional' is not registered in C:\laragon\www\b45\vendor\rakit\validation\src\Validator.php:103
Stack trace:
#0 [internal function]: Rakit\Validation\Validator->__invoke('optional')
#1 C:\laragon\www\b45\vendor\rakit\validation\src\Validation.php(494): call_user_func_array(Object(Rakit\Validation\Validator), Array)
#2 C:\laragon\www\b45\vendor\rakit\validation\src\Validation.php(71): Rakit\Validation\Validation->resolveRules(Array)
#3 C:\laragon\www\b45\vendor\rakit\validation\src\Validation.php(58): Rakit\Validation\Validation->addAttribute('img', 'optional|upload...')
#4 C:\laragon\www\b45\vendor\rakit\validation\src\Validator.php(83): Rakit\Validation\Validation->__construct(Object(Rakit\Validation\Validator), Array, 'optional|upload...', Array)
#5 C:\laragon\www\b45\app\Controller.php(7): Rakit\Validation\Validator->make(Array, Array)
#6 C:\laragon\www\b45\app\Controllers\Admin\BannerController.php(115): App\Controller->validate(Object(Rakit\Validation\Validator), Array, Array)
#7 [internal function]: App\Controllers\Admin\BannerController->update('6')
#8 C:\laragon\www\b45\vendor\bramus\router\src\Bramus\Router\Router.php(482): call_user_func_array(Array, Array)
#9 C:\laragon\www\b45\vendor\bramus\router\src\Bramus\Router\Router.php(440): Bramus\Router\Router->invoke('App\\Controllers...', Array)
#10 C:\laragon\www\b45\vendor\bramus\router\src\Bramus\Router\Router.php(287): Bramus\Router\Router->handle(Array, true)
#11 C:\laragon\www\b45\routers\index.php(12): Bramus\Router\Router->run()
#12 C:\laragon\www\b45\index.php(5): require('C:\\laragon\\www\\...')
#13 {main}Rakit\Validation\RuleNotFoundException: Validator 'optional' is not registered in C:\laragon\www\b45\vendor\rakit\validation\src\Validator.php:103
Stack trace:
#0 [internal function]: Rakit\Validation\Validator->__invoke('optional')
#1 C:\laragon\www\b45\vendor\rakit\validation\src\Validation.php(494): call_user_func_array(Object(Rakit\Validation\Validator), Array)
#2 C:\laragon\www\b45\vendor\rakit\validation\src\Validation.php(71): Rakit\Validation\Validation->resolveRules(Array)
#3 C:\laragon\www\b45\vendor\rakit\validation\src\Validation.php(58): Rakit\Validation\Validation->addAttribute('img', 'optional|upload...')
#4 C:\laragon\www\b45\vendor\rakit\validation\src\Validator.php(83): Rakit\Validation\Validation->__construct(Object(Rakit\Validation\Validator), Array, 'optional|upload...', Array)
#5 C:\laragon\www\b45\app\Controller.php(7): Rakit\Validation\Validator->make(Array, Array)
#6 C:\laragon\www\b45\app\Controllers\Admin\BannerController.php(115): App\Controller->validate(Object(Rakit\Validation\Validator), Array, Array)
#7 [internal function]: App\Controllers\Admin\BannerController->update('6')
#8 C:\laragon\www\b45\vendor\bramus\router\src\Bramus\Router\Router.php(482): call_user_func_array(Array, Array)
#9 C:\laragon\www\b45\vendor\bramus\router\src\Bramus\Router\Router.php(440): Bramus\Router\Router->invoke('App\\Controllers...', Array)
#10 C:\laragon\www\b45\vendor\bramus\router\src\Bramus\Router\Router.php(287): Bramus\Router\Router->handle(Array, true)
#11 C:\laragon\www\b45\routers\index.php(12): Bramus\Router\Router->run()
#12 C:\laragon\www\b45\index.php(5): require('C:\\laragon\\www\\...')
#13 {main}Rakit\Validation\RuleNotFoundException: Validator 'optional' is not registered in C:\laragon\www\b45\vendor\rakit\validation\src\Validator.php:103
Stack trace:
#0 [internal function]: Rakit\Validation\Validator->__invoke('optional')
#1 C:\laragon\www\b45\vendor\rakit\validation\src\Validation.php(494): call_user_func_array(Object(Rakit\Validation\Validator), Array)
#2 C:\laragon\www\b45\vendor\rakit\validation\src\Validation.php(71): Rakit\Validation\Validation->resolveRules(Array)
#3 C:\laragon\www\b45\vendor\rakit\validation\src\Validation.php(58): Rakit\Validation\Validation->addAttribute('img', 'optional|upload...')
#4 C:\laragon\www\b45\vendor\rakit\validation\src\Validator.php(83): Rakit\Validation\Validation->__construct(Object(Rakit\Validation\Validator), Array, 'optional|upload...', Array)
#5 C:\laragon\www\b45\app\Controller.php(7): Rakit\Validation\Validator->make(Array, Array)
#6 C:\laragon\www\b45\app\Controllers\Admin\BannerController.php(115): App\Controller->validate(Object(Rakit\Validation\Validator), Array, Array)
#7 [internal function]: App\Controllers\Admin\BannerController->update('6')
#8 C:\laragon\www\b45\vendor\bramus\router\src\Bramus\Router\Router.php(482): call_user_func_array(Array, Array)
#9 C:\laragon\www\b45\vendor\bramus\router\src\Bramus\Router\Router.php(440): Bramus\Router\Router->invoke('App\\Controllers...', Array)
#10 C:\laragon\www\b45\vendor\bramus\router\src\Bramus\Router\Router.php(287): Bramus\Router\Router->handle(Array, true)
#11 C:\laragon\www\b45\routers\index.php(12): Bramus\Router\Router->run()
#12 C:\laragon\www\b45\index.php(5): require('C:\\laragon\\www\\...')
#13 {main}